
POST /api/auth/users/register 27-04-2023_07:00:26
POST /api/auth/users/register 27-04-2023_07:01:02
POST /api/auth/users/register 27-04-2023_07:01:46
POST /api/auth/users/register 27-04-2023_07:15:49
POST /api/auth/users/register 27-04-2023_07:17:09
POST /api/auth/users/register 27-04-2023_07:18:37
POST /api/auth/users/register 27-04-2023_07:19:21
POST /api/auth/users/register 27-04-2023_07:20:03
POST /api/auth/users/register 27-04-2023_07:20:58
POST /api/auth/users/login 02-05-2023_10:15:36
POST /api/auth/users/register 02-05-2023_10:16:05
POST /api/auth/users/register 02-05-2023_10:17:31
GET /api/auth/verify/LjAU_e5HCUeD556aONKVr 02-05-2023_10:18:49
GET /favicon.ico 02-05-2023_10:18:51
GET /api/auth/verify/LjAU_e5HCUeD556aONKVr 02-05-2023_10:37:28
GET /api/auth/verify/LjAU_e5HCUeD556aONKV 02-05-2023_10:37:42
GET /api/auth/verify/LjAU_e5HCUeD556aONKVr 02-05-2023_10:57:10
GET /api/auth/verify/LjAU_e5HCUeD556aONKVr 02-05-2023_10:57:28
POST /api/auth/users/register 02-05-2023_10:58:16
GET /api/auth/verify/q2aO1VzdUvEOTQecyQVUi 02-05-2023_10:59:25